ucliGUI::start /home/ecelrc/students/sg57827/vlsi1/dram_vlsi/ddr4-verilog-models/protected_vcs/simv -ucligui +v2k +define+DDR4_2G_X8
set ucliGUI::state
set ucliGUI::state
ucliCore::getToolPID
synopsys::env hasTB
trigger_hier_stack_context_switch 0
synopsys::xml set_array_limit <data limit="50" />
synopsys::xml set_depth_limit <data limit="100" />
synopsys::xml set_string_limit <data limit="1000" />
synopsys::xml set_only_active_frame <data value="1" />
synopsys::xml set_variable_frame_id <data value="1" />
synUtils::setDVEInitPhase 1
synopsys::dump -type VPD -file /home/ecelrc/students/sg57827/vlsi1/dram_vlsi/ddr4-verilog-models/protected_vcs/inter.vpd -locking
synopsys::dump -autoflush on -fid VPD1
set ::dve_fid VPD1
synUtils::setDVEInitPhase 0
ucliCore::getToolPID
synUtils::sendTool -active _icl_setToolSocket /tmp/smlnpGZsdds
synUtils::sendTool -active {_icl_start_rpc -version "T-2022.06_Full64" -sync_file /tmp/vcs_dve_rpc.sg57827.1288503}
synUtils::sendTool -active {_icl_createSharedMemory /tmp/vcs_dve_general.sg57827.1288503}
config endofsim noexit
config onfail enable all
config syscaddplainmembers
config syscaddsourcenames
config syscaddstructtypes
synopsys::listing -disable
# Begin_DVE_Session_Save_Info
# DVE restart session
# Saved on Sat Nov 8 00:25:19 2025
# Designs open: 1
#   Sim: /home/ecelrc/students/sg57827/vlsi1/dram_vlsi/ddr4-verilog-models/protected_vcs/simv
# Toplevel windows open: 2
# 	TopLevel.1
# 	TopLevel.2
#   Source.1: arch_package
#   Wave.1: 53 signals
#   Group count = 2
#   Group tb signal count = 53
#   Group tb_1 signal count = 53
# End_DVE_Session_Save_Info
# DVE version: T-2022.06_Full64
# DVE build date: May 31 2022 20:53:03
#<Session mode="Restart" path=".restartSimSession.tcl" type="Debug">
# Application preferences
#<WindowLayout>
# DVE top-level session
# Create and position top-level window: TopLevel.1
set TopLevel.1 TopLevel.1
# Docked window settings
# MDI window settings
set Console.1 Console.1
set HSPane.1 HSPane.1
set Hier.1 Hier.1
set Stack.1 Stack.1
set Class.1 Class.1
set Object.1 Object.1
set DLPane.1 DLPane.1
set Data.1 Data.1
set Local.1 Local.1
set Member.1 Member.1
set Source.1 Source.1
# End MDI window settings
# Create and position top-level window: TopLevel.2
set TopLevel.2 TopLevel.2
# Docked window settings
# MDI window settings
set Wave.1 Wave.1
# End MDI window settings
#</WindowLayout>
#<Database>
#</Database>
# DVE Global setting session:
# Global: Breakpoints
# Global: Bus
# Global: Expressions
# Global: Signal Time Shift
# Global: Signal Compare
# Global: Signal Groups
synopsys::dump -add {tb} -scope "." -depth 1 -fid VPD1
set _session_group_1 tb
set tb "$_session_group_1"
set _session_group_2 tb_1
set tb_1 "$_session_group_2"
# Global: Highlighting
# Global: Stack
# Post database loading setting...
# Save global setting...
# Wave/List view global setting
# Close all empty TopLevel windows
foreach __top [gui_ekki_get_window_ids -type TopLevel] {     if { [llength [gui_ekki_get_window_ids -parent $__top]] == 0} {         gui_close_window -window $__top     } }
# DVE View/pane content session:
# Hier 'Hier.1'
catch {gui_list_select -id ${Hier.1} {tb}}
# Class 'Class.1'
# Member 'Member.1'
# Data 'Data.1'
# Source 'Source.1'
# Warning: Class view not found.
# View 'Wave.1'
set groupExD [gui_get_pref_value -category Wave -key exclusiveSG]
set origWaveHeight [gui_get_pref_value -category Wave -key waveRowHeight]
set origGroupCreationState [gui_list_create_group_when_add -wave]
synopsys::dump -add {_vcs_unit__17166948 arch_package.AUTOPRECHARGEADDR arch_package.BLFLYSELECT arch_package.MAX_ADDR_BITS arch_package.MAX_BANK_BITS arch_package.MAX_BANK_GROUP_BITS arch_package.MAX_BL arch_package.MAX_BURST_LEN arch_package.MAX_CAL arch_package.MAX_COL_ADDR_BITS arch_package.MAX_DM_BITS arch_package.MAX_DQS_BITS arch_package.MAX_DQ_BITS arch_package.MAX_MODEREGS arch_package.MAX_RANK_BITS arch_package.MAX_RL arch_package.MAX_ROW_ADDR_BITS arch_package.MAX_WL arch_package.MODEREG_BITS arch_package.MR6 tb.dm_fifo tb.dq_fifo tb.tt_timesets } -aggregates  -fid VPD1
if {$origGroupCreationState} { 	gui_list_create_group_when_add -wave -enable }
if { $groupExD } {  gui_msg_report -code DVWW028 }
# Restore toplevel window zorder
# The toplevel window could be closed if it has no view/pane
if {[gui_exist_window -window ${TopLevel.1}]} { 	gui_set_active_window -window ${TopLevel.1} 	gui_set_active_window -window ${HSPane.1} }
if {[gui_exist_window -window ${TopLevel.2}]} { 	gui_set_active_window -window ${TopLevel.2} 	gui_set_active_window -window ${Wave.1} }
#</Session>
synopsys::run
set ucliGUI::state
set ucliGUI::state
set ucliGUI::state
set ucliGUI::state
# DVE Simulation Rebuild/Restart Options
# Saved on Sat Nov 8 00:19:06 2025
set SIMSETUP::REBUILDOPTION 0
set SIMSETUP::REBUILDCMD {}
set SIMSETUP::REBUILDDIR {}
set SIMSETUP::RESTOREBP 1
set SIMSETUP::RESTOREDUMP 1
set SIMSETUP::RESTOREFORCE 1
set SIMSETUP::RESTORESPECMAN 0
# DVE Simulation Rebuild/Restart Options
# Saved on Sat Nov 8 00:19:06 2025
set SIMSETUP::REBUILDOPTION 0
set SIMSETUP::REBUILDCMD {}
set SIMSETUP::REBUILDDIR {}
set SIMSETUP::RESTOREBP 1
set SIMSETUP::RESTOREDUMP 1
set SIMSETUP::RESTOREFORCE 1
set SIMSETUP::RESTORESPECMAN 0
# DVE Simulation Rebuild/Restart Options
# Saved on Sat Nov 8 00:34:54 2025
set SIMSETUP::REBUILDOPTION 0
set SIMSETUP::REBUILDCMD {}
set SIMSETUP::REBUILDDIR {}
set SIMSETUP::RESTOREBP 1
set SIMSETUP::RESTOREDUMP 1
set SIMSETUP::RESTOREFORCE 1
set SIMSETUP::RESTORESPECMAN 0
# DVE Simulation Rebuild/Restart Options
# Saved on Sat Nov 8 00:34:54 2025
set SIMSETUP::REBUILDOPTION 0
set SIMSETUP::REBUILDCMD {}
set SIMSETUP::REBUILDDIR {}
set SIMSETUP::RESTOREBP 1
set SIMSETUP::RESTOREDUMP 1
set SIMSETUP::RESTOREFORCE 1
set SIMSETUP::RESTORESPECMAN 0
synopsys::finish
set ucliGUI::state
set ucliGUI::state
# DVE Simulation Rebuild/Restart Options
# Saved on Sat Nov 8 00:34:54 2025
set SIMSETUP::REBUILDOPTION 0
set SIMSETUP::REBUILDCMD {}
set SIMSETUP::REBUILDDIR {}
set SIMSETUP::RESTOREBP 1
set SIMSETUP::RESTOREDUMP 1
set SIMSETUP::RESTOREFORCE 1
set SIMSETUP::RESTORESPECMAN 0
